[debug] [2023-08-07T05:46:54.170Z] ----------------------------------------------------------------------
[debug] [2023-08-07T05:46:54.171Z] Command:       /usr/local/bin/node /usr/local/bin/firebase deploy
[debug] [2023-08-07T05:46:54.171Z] CLI Version:   12.4.0
[debug] [2023-08-07T05:46:54.171Z] Platform:      darwin
[debug] [2023-08-07T05:46:54.171Z] Node Version:  v18.16.0
[debug] [2023-08-07T05:46:54.172Z] Time:          Mon Aug 07 2023 01:46:54 GMT-0400 (Eastern Daylight Time)
[debug] [2023-08-07T05:46:54.172Z] ----------------------------------------------------------------------
[debug] 
[debug] [2023-08-07T05:46:54.207Z] > command requires scopes: ["email","openid","https://www.googleapis.com/auth/cloudplatformprojects.readonly","https://www.googleapis.com/auth/firebase","https://www.googleapis.com/auth/cloud-platform"]
[debug] [2023-08-07T05:46:54.208Z] > authorizing via signed-in user (arianadiazmun@gmail.com)
[debug] [2023-08-07T05:46:54.208Z] [iam] checking project ariana-final-project for permissions ["firebase.projects.get","firebasehosting.sites.update"]
[debug] [2023-08-07T05:46:54.209Z] >>> [apiv2][query] POST https://cloudresourcemanager.googleapis.com/v1/projects/ariana-final-project:testIamPermissions [none]
[debug] [2023-08-07T05:46:54.209Z] >>> [apiv2][(partial)header] POST https://cloudresourcemanager.googleapis.com/v1/projects/ariana-final-project:testIamPermissions x-goog-quota-user=projects/ariana-final-project
[debug] [2023-08-07T05:46:54.209Z] >>> [apiv2][body] POST https://cloudresourcemanager.googleapis.com/v1/projects/ariana-final-project:testIamPermissions {"permissions":["firebase.projects.get","firebasehosting.sites.update"]}
[debug] [2023-08-07T05:46:54.473Z] <<< [apiv2][status] POST https://cloudresourcemanager.googleapis.com/v1/projects/ariana-final-project:testIamPermissions 200
[debug] [2023-08-07T05:46:54.473Z] <<< [apiv2][body] POST https://cloudresourcemanager.googleapis.com/v1/projects/ariana-final-project:testIamPermissions {"permissions":["firebase.projects.get","firebasehosting.sites.update"]}
[debug] [2023-08-07T05:46:54.474Z] >>> [apiv2][query] GET https://firebase.googleapis.com/v1beta1/projects/ariana-final-project [none]
[debug] [2023-08-07T05:46:54.850Z] <<< [apiv2][status] GET https://firebase.googleapis.com/v1beta1/projects/ariana-final-project 200
[debug] [2023-08-07T05:46:54.850Z] <<< [apiv2][body] GET https://firebase.googleapis.com/v1beta1/projects/ariana-final-project {"projectId":"ariana-final-project","projectNumber":"256986190335","displayName":"ariana-final-project","name":"projects/ariana-final-project","resources":{"hostingSite":"ariana-final-project"},"state":"ACTIVE","etag":"1_ddbbf5b0-d561-4e7f-9286-b905599bb917"}
[info] 
   Thank you for trying our early preview of Next.js support on Firebase Hosting.
   During the preview, support is best-effort and breaking changes can be expected. Proceed with caution.

   Documentation: https://firebase.google.com/docs/hosting/frameworks/nextjs
   File a bug: https://github.com/firebase/firebase-tools/issues/new?template=bug_report.md
   Submit a feature request: https://github.com/firebase/firebase-tools/issues/new?template=feature_request.md

   We'd love to learn from you. Express your interest in helping us shape the future of Firebase Hosting: https://goo.gle/41enW5X

[debug] [2023-08-07T05:47:06.562Z] Error: ENOENT: no such file or directory, open '/Users/arianadiaz/c11/final-project/final-project-web/.next/server/client-reference-manifest.js'
[error] 
[error] Error: An unexpected error has occurred.
[debug] [2023-08-07T05:48:53.115Z] ----------------------------------------------------------------------
[debug] [2023-08-07T05:48:53.116Z] Command:       /usr/local/bin/node /usr/local/bin/firebase deploy
[debug] [2023-08-07T05:48:53.116Z] CLI Version:   12.4.0
[debug] [2023-08-07T05:48:53.116Z] Platform:      darwin
[debug] [2023-08-07T05:48:53.117Z] Node Version:  v18.16.0
[debug] [2023-08-07T05:48:53.117Z] Time:          Mon Aug 07 2023 01:48:53 GMT-0400 (Eastern Daylight Time)
[debug] [2023-08-07T05:48:53.118Z] ----------------------------------------------------------------------
[debug] 
[debug] [2023-08-07T05:48:53.152Z] > command requires scopes: ["email","openid","https://www.googleapis.com/auth/cloudplatformprojects.readonly","https://www.googleapis.com/auth/firebase","https://www.googleapis.com/auth/cloud-platform"]
[debug] [2023-08-07T05:48:53.152Z] > authorizing via signed-in user (arianadiazmun@gmail.com)
[debug] [2023-08-07T05:48:53.152Z] [iam] checking project ariana-final-project for permissions ["firebase.projects.get","firebasehosting.sites.update"]
[debug] [2023-08-07T05:48:53.153Z] >>> [apiv2][query] POST https://cloudresourcemanager.googleapis.com/v1/projects/ariana-final-project:testIamPermissions [none]
[debug] [2023-08-07T05:48:53.153Z] >>> [apiv2][(partial)header] POST https://cloudresourcemanager.googleapis.com/v1/projects/ariana-final-project:testIamPermissions x-goog-quota-user=projects/ariana-final-project
[debug] [2023-08-07T05:48:53.154Z] >>> [apiv2][body] POST https://cloudresourcemanager.googleapis.com/v1/projects/ariana-final-project:testIamPermissions {"permissions":["firebase.projects.get","firebasehosting.sites.update"]}
[debug] [2023-08-07T05:48:53.429Z] <<< [apiv2][status] POST https://cloudresourcemanager.googleapis.com/v1/projects/ariana-final-project:testIamPermissions 200
[debug] [2023-08-07T05:48:53.429Z] <<< [apiv2][body] POST https://cloudresourcemanager.googleapis.com/v1/projects/ariana-final-project:testIamPermissions {"permissions":["firebase.projects.get","firebasehosting.sites.update"]}
[debug] [2023-08-07T05:48:53.430Z] >>> [apiv2][query] GET https://firebase.googleapis.com/v1beta1/projects/ariana-final-project [none]
[debug] [2023-08-07T05:48:53.784Z] <<< [apiv2][status] GET https://firebase.googleapis.com/v1beta1/projects/ariana-final-project 200
[debug] [2023-08-07T05:48:53.784Z] <<< [apiv2][body] GET https://firebase.googleapis.com/v1beta1/projects/ariana-final-project {"projectId":"ariana-final-project","projectNumber":"256986190335","displayName":"ariana-final-project","name":"projects/ariana-final-project","resources":{"hostingSite":"ariana-final-project"},"state":"ACTIVE","etag":"1_ddbbf5b0-d561-4e7f-9286-b905599bb917"}
[info] 
   Thank you for trying our early preview of Next.js support on Firebase Hosting.
   During the preview, support is best-effort and breaking changes can be expected. Proceed with caution.

   Documentation: https://firebase.google.com/docs/hosting/frameworks/nextjs
   File a bug: https://github.com/firebase/firebase-tools/issues/new?template=bug_report.md
   Submit a feature request: https://github.com/firebase/firebase-tools/issues/new?template=feature_request.md

   We'd love to learn from you. Express your interest in helping us shape the future of Firebase Hosting: https://goo.gle/41enW5X

[debug] [2023-08-07T05:49:13.383Z] Error: ENOENT: no such file or directory, open '/Users/arianadiaz/c11/final-project/final-project-web/.next/server/client-reference-manifest.js'
[error] 
[error] Error: An unexpected error has occurred.
